# JRE version: Java(TM) SE Runtime Environment (16.0.1+9) (build 16.0.1+9-24)
# Java VM: Java HotSpot(TM) 64-Bit Server VM (16.0.1+9-24, mixed mode, sharing, tiered, compressed oops, compressed class ptrs, g1 gc, windows-amd64)
GC Precious Log:
 CPUs: 8 total, 8 available
 Memory: 12162M
 Large Page Support: Disabled
 NUMA Support: Disabled
 Compressed Oops: Enabled (Zero based)
 Heap Region Size: 2M
 Heap Min Capacity: 8M
 Heap Initial Capacity: 192M
 Heap Max Capacity: 3042M
 Pre-touch: Disabled
 Parallel Workers: 8
 Concurrent Workers: 2
 Concurrent Refinement Workers: 8
 Periodic GC: Disabled
Heap:
 garbage-first heap   total 55296K, used 26806K [0x0000000741e00000, 0x0000000800000000)
  region size 2048K, 9 young (18432K), 2 survivors (4096K)
 Metaspace       used 26813K, committed 27072K, reserved 1073152K
  class space    used 3321K, committed 3456K, reserved 1048576K
GC Heap History (10 events):
Event: 1.368 GC heap before
{Heap before GC invocations=0 (full 0):
 garbage-first heap   total 196608K, used 20480K [0x0000000741e00000, 0x0000000800000000)
  region size 2048K, 11 young (22528K), 0 survivors (0K)
 Metaspace       used 5040K, committed 5248K, reserved 1056768K
  class space    used 520K, committed 640K, reserved 1048576K
}
Event: 1.377 GC heap after
{Heap after GC invocations=1 (full 0):
 garbage-first heap   total 196608K, used 6333K [0x0000000741e00000, 0x0000000800000000)
  region size 2048K, 2 young (4096K), 2 survivors (4096K)
 Metaspace       used 5040K, committed 5248K, reserved 1056768K
  class space    used 520K, committed 640K, reserved 1048576K
}
Event: 1.386 GC heap before
{Heap before GC invocations=1 (full 0):
 garbage-first heap   total 196608K, used 28861K [0x0000000741e00000, 0x0000000800000000)
  region size 2048K, 14 young (28672K), 2 survivors (4096K)
 Metaspace       used 5041K, committed 5248K, reserved 1056768K
  class space    used 520K, committed 640K, reserved 1048576K
}
Event: 1.391 GC heap after
{Heap after GC invocations=2 (full 0):
 garbage-first heap   total 196608K, used 5943K [0x0000000741e00000, 0x0000000800000000)
  region size 2048K, 1 young (2048K), 1 survivors (2048K)
 Metaspace       used 5041K, committed 5248K, reserved 1056768K
  class space    used 520K, committed 640K, reserved 1048576K
}
Event: 3.917 GC heap before
{Heap before GC invocations=2 (full 0):
 garbage-first heap   total 196608K, used 118583K [0x0000000741e00000, 0x0000000800000000)
  region size 2048K, 57 young (116736K), 1 survivors (2048K)
 Metaspace       used 17489K, committed 17728K, reserved 1064960K
  class space    used 2073K, committed 2176K, reserved 1048576K
}
Event: 3.930 GC heap after
{Heap after GC invocations=3 (full 0):
 garbage-first heap   total 196608K, used 11093K [0x0000000741e00000, 0x0000000800000000)
  region size 2048K, 3 young (6144K), 3 survivors (6144K)
 Metaspace       used 17489K, committed 17728K, reserved 1064960K
  class space    used 2073K, committed 2176K, reserved 1048576K
}
Event: 5.800 GC heap before
{Heap before GC invocations=3 (full 0):
 garbage-first heap   total 196608K, used 50005K [0x0000000741e00000, 0x0000000800000000)
  region size 2048K, 24 young (49152K), 3 survivors (6144K)
 Metaspace       used 20988K, committed 21248K, reserved 1073152K
  class space    used 2512K, committed 2624K, reserved 1048576K
}
Event: 5.809 GC heap after
{Heap after GC invocations=4 (full 0):
 garbage-first heap   total 196608K, used 12740K [0x0000000741e00000, 0x0000000800000000)
  region size 2048K, 4 young (8192K), 4 survivors (8192K)
 Metaspace       used 20988K, committed 21248K, reserved 1073152K
  class space    used 2512K, committed 2624K, reserved 1048576K
}
Event: 7.362 GC heap before
{Heap before GC invocations=5 (full 0):
 garbage-first heap   total 55296K, used 37316K [0x0000000741e00000, 0x0000000800000000)
  region size 2048K, 16 young (32768K), 4 survivors (8192K)
 Metaspace       used 24270K, committed 24576K, reserved 1073152K
  class space    used 2983K, committed 3136K, reserved 1048576K
}
Event: 7.369 GC heap after
{Heap after GC invocations=6 (full 0):
 garbage-first heap   total 55296K, used 14518K [0x0000000741e00000, 0x0000000800000000)
  region size 2048K, 2 young (4096K), 2 survivors (4096K)
 Metaspace       used 24270K, committed 24576K, reserved 1073152K
  class space    used 2983K, committed 3136K, reserved 1048576K
}

